k:\gam1545\maze\maze\debug\vc120.pdb
k:\gam1545\maze\maze\debug\vc120.idb
k:\gam1545\maze\maze\debug\cursor.obj
k:\gam1545\maze\maze\debug\functions.obj
k:\gam1545\maze\maze\debug\help.obj
k:\gam1545\maze\maze\debug\highscore.obj
k:\gam1545\maze\maze\debug\leaderboard.obj
k:\gam1545\maze\maze\debug\main.obj
k:\gam1545\maze\maze\debug\maze.obj
k:\gam1545\maze\maze\debug\mazetile.obj
k:\gam1545\maze\maze\debug\menu.obj
k:\gam1545\maze\maze\debug\minotaur.obj
k:\gam1545\maze\maze\debug\player.obj
k:\gam1545\maze\maze\debug\gamemenu.obj
k:\gam1545\maze\maze\debug\scorehandler.obj
k:\gam1545\maze\maze\debug\windowsize.obj
k:\gam1545\maze\maze\debug\leaderboardmenu.obj
k:\gam1545\maze\debug\maze.ilk
k:\gam1545\maze\debug\maze.exe
k:\gam1545\maze\debug\maze.pdb
k:\gam1545\maze\maze\debug\playgame.obj
k:\gam1545\maze\maze\debug\easymaze.obj
k:\gam1545\maze\maze\debug\hardmaze.obj
k:\gam1545\maze\maze\debug\medmaze.obj
k:\gam1545\maze\maze\debug\maze.tlog\link.read.1.tlog
k:\gam1545\maze\maze\debug\maze.tlog\cl.read.1.tlog
k:\gam1545\maze\maze\debug\maze.tlog\cl.write.1.tlog
k:\gam1545\maze\maze\debug\maze.tlog\link.write.1.tlog
k:\gam1545\maze\maze\debug\maze.tlog\cl.command.1.tlog
k:\gam1545\maze\maze\debug\maze.tlog\link.command.1.tlog
